<?xml version="1.0" encoding="UTF-8"?>
<testng-results ignored="0" total="3" passed="3" failed="0" skipped="0">
  <reporter-output>
  </reporter-output>
  <suite started-at="2023-09-04T14:43:11Z" name="Suite" finished-at="2023-09-04T14:43:27Z" duration-ms="15884">
    <groups>
    </groups>
    <test started-at="2023-09-04T14:43:11Z" name="Test" finished-at="2023-09-04T14:43:27Z" duration-ms="15884">
      <class name="sample.demo1.test">
        <test-method is-config="true" signature="launchdriver()[pri:0, instance:sample.demo1.test@69453e37]" started-at="2023-09-04T20:13:11Z" name="launchdriver" finished-at="2023-09-04T20:13:14Z" duration-ms="2506" status="PASS">
          <reporter-output>
          </reporter-output>
        </test-method> <!-- launchdriver -->
        <test-method signature="test1()[pri:0, instance:sample.demo1.test@69453e37]" started-at="2023-09-04T20:13:14Z" name="test1" finished-at="2023-09-04T20:13:18Z" duration-ms="4400" status="PASS">
          <reporter-output>
          </reporter-output>
        </test-method> <!-- test1 -->
        <test-method is-config="true" signature="quit()[pri:0, instance:sample.demo1.test@69453e37]" started-at="2023-09-04T20:13:18Z" name="quit" finished-at="2023-09-04T20:13:19Z" duration-ms="266" status="PASS">
          <reporter-output>
          </reporter-output>
        </test-method> <!-- quit -->
        <test-method is-config="true" signature="launchdriver()[pri:0, instance:sample.demo1.test@69453e37]" started-at="2023-09-04T20:13:19Z" name="launchdriver" finished-at="2023-09-04T20:13:20Z" duration-ms="1235" status="PASS">
          <reporter-output>
          </reporter-output>
        </test-method> <!-- launchdriver -->
        <test-method signature="test2()[pri:0, instance:sample.demo1.test@69453e37]" started-at="2023-09-04T20:13:20Z" name="test2" finished-at="2023-09-04T20:13:23Z" duration-ms="2928" status="PASS">
          <reporter-output>
          </reporter-output>
        </test-method> <!-- test2 -->
        <test-method is-config="true" signature="quit()[pri:0, instance:sample.demo1.test@69453e37]" started-at="2023-09-04T20:13:23Z" name="quit" finished-at="2023-09-04T20:13:23Z" duration-ms="254" status="PASS">
          <reporter-output>
          </reporter-output>
        </test-method> <!-- quit -->
        <test-method is-config="true" signature="launchdriver()[pri:0, instance:sample.demo1.test@69453e37]" started-at="2023-09-04T20:13:23Z" name="launchdriver" finished-at="2023-09-04T20:13:24Z" duration-ms="1302" status="PASS">
          <reporter-output>
          </reporter-output>
        </test-method> <!-- launchdriver -->
        <test-method signature="test3()[pri:0, instance:sample.demo1.test@69453e37]" started-at="2023-09-04T20:13:24Z" name="test3" finished-at="2023-09-04T20:13:27Z" duration-ms="2736" status="PASS">
          <reporter-output>
          </reporter-output>
        </test-method> <!-- test3 -->
        <test-method is-config="true" signature="quit()[pri:0, instance:sample.demo1.test@69453e37]" started-at="2023-09-04T20:13:27Z" name="quit" finished-at="2023-09-04T20:13:27Z" duration-ms="229" status="PASS">
          <reporter-output>
          </reporter-output>
        </test-method> <!-- quit -->
      </class> <!-- sample.demo1.test -->
    </test> <!-- Test -->
  </suite> <!-- Suite -->
</testng-results>
