<?xml version="1.0" encoding="UTF-8"?>
<testng-results ignored="0" total="3" passed="3" failed="0" skipped="0">
  <reporter-output>
  </reporter-output>
  <suite started-at="2023-09-04T14:39:40Z" name="Suite" finished-at="2023-09-04T14:39:54Z" duration-ms="14210">
    <groups>
    </groups>
    <test started-at="2023-09-04T14:39:40Z" name="Test" finished-at="2023-09-04T14:39:54Z" duration-ms="14210">
      <class name="sample.demo1.test">
        <test-method is-config="true" signature="launchdriver()[pri:0, instance:sample.demo1.test@79d8407f]" started-at="2023-09-04T20:09:40Z" name="launchdriver" finished-at="2023-09-04T20:09:42Z" duration-ms="2218" status="PASS">
          <reporter-output>
          </reporter-output>
        </test-method> <!-- launchdriver -->
        <test-method signature="test1()[pri:0, instance:sample.demo1.test@79d8407f]" started-at="2023-09-04T20:09:42Z" name="test1" finished-at="2023-09-04T20:09:45Z" duration-ms="2915" status="PASS">
          <reporter-output>
          </reporter-output>
        </test-method> <!-- test1 -->
        <test-method is-config="true" signature="quit()[pri:0, instance:sample.demo1.test@79d8407f]" started-at="2023-09-04T20:09:45Z" name="quit" finished-at="2023-09-04T20:09:45Z" duration-ms="251" status="PASS">
          <reporter-output>
          </reporter-output>
        </test-method> <!-- quit -->
        <test-method is-config="true" signature="launchdriver()[pri:0, instance:sample.demo1.test@79d8407f]" started-at="2023-09-04T20:09:45Z" name="launchdriver" finished-at="2023-09-04T20:09:46Z" duration-ms="1451" status="PASS">
          <reporter-output>
          </reporter-output>
        </test-method> <!-- launchdriver -->
        <test-method signature="test2()[pri:0, instance:sample.demo1.test@79d8407f]" started-at="2023-09-04T20:09:46Z" name="test2" finished-at="2023-09-04T20:09:49Z" duration-ms="2978" status="PASS">
          <reporter-output>
          </reporter-output>
        </test-method> <!-- test2 -->
        <test-method is-config="true" signature="quit()[pri:0, instance:sample.demo1.test@79d8407f]" started-at="2023-09-04T20:09:49Z" name="quit" finished-at="2023-09-04T20:09:50Z" duration-ms="251" status="PASS">
          <reporter-output>
          </reporter-output>
        </test-method> <!-- quit -->
        <test-method is-config="true" signature="launchdriver()[pri:0, instance:sample.demo1.test@79d8407f]" started-at="2023-09-04T20:09:50Z" name="launchdriver" finished-at="2023-09-04T20:09:51Z" duration-ms="1204" status="PASS">
          <reporter-output>
          </reporter-output>
        </test-method> <!-- launchdriver -->
        <test-method signature="test3()[pri:0, instance:sample.demo1.test@79d8407f]" started-at="2023-09-04T20:09:51Z" name="test3" finished-at="2023-09-04T20:09:53Z" duration-ms="2667" status="PASS">
          <reporter-output>
          </reporter-output>
        </test-method> <!-- test3 -->
        <test-method is-config="true" signature="quit()[pri:0, instance:sample.demo1.test@79d8407f]" started-at="2023-09-04T20:09:54Z" name="quit" finished-at="2023-09-04T20:09:54Z" duration-ms="238" status="PASS">
          <reporter-output>
          </reporter-output>
        </test-method> <!-- quit -->
      </class> <!-- sample.demo1.test -->
    </test> <!-- Test -->
  </suite> <!-- Suite -->
</testng-results>
